#
# A fatal error has been detected by the Java Runtime Environment:
#
#  EXCEPTION_ACCESS_VIOLATION (0xc0000005) at pc=0x00000000731e7b22, pid=9412, tid=9068
#
# JRE version: 6.0_17-b04
# Java VM: Java HotSpot(TM) 64-Bit Server VM (14.3-b01 mixed mode windows-amd64 )
# Problematic frame:
# C  0x00000000731e7b22
#
# If you would like to submit a bug report, please visit:
#   http://java.sun.com/webapps/bugreport/crash.jsp
# The crash happened outside the Java Virtual Machine in native code.
# See problematic frame for where to report the bug.
#

---------------  T H R E A D  ---------------

Current thread (0x000000004cd91000):  JavaThread "AWT-Windows" daemon [_thread_in_native, id=9068, stack(0x000000000fe40000,0x000000000fec0000)]

siginfo: ExceptionCode=0xc0000005, reading address 0x00000000646f6874

Registers:
EAX=0x00000000646f6874, EBX=0x0000000000000000, ECX=0x00000000646f6874, EDX=0x00000000732594f0
ESP=0x000000000febe8c0, EBP=0x000000000000a220, ESI=0x000000004d327640, EDI=0x0000000073150000
EIP=0x00000000731e7b22, EFLAGS=0x0000000000010206

Top of Stack: (sp=0x000000000febe8c0)
0x000000000febe8c0:   000000004cd91000 0000000000000000
0x000000000febe8d0:   0000000000000000 0000000073150000
0x000000000febe8e0:   000000004cd911b8 00000000731ecf87
0x000000000febe8f0:   0000000000000001 000000004cd911b8
0x000000000febe900:   000000004d327640 0000000000000111
0x000000000febe910:   00000000000c0000 0000000000000000
0x000000000febe920:   0000000000000000 000007ffffe4e000
0x000000000febe930:   0000000000000000 00000000778f2228
0x000000000febe940:   0000000000000000 fffffffffffffffe
0x000000000febe950:   000000004cd911b8 000007feeba392c3
0x000000000febe960:   0000000000000000 0000000000000111
0x000000000febe970:   0000000000000111 0000000000000111
0x000000000febe980:   000000000000a220 0000000000000000
0x000000000febe990:   000000004d327640 0000000073225b67
0x000000000febe9a0:   0000000000000000 00000000778c96df
0x000000000febe9b0:   00000000ffffffeb 0000000000000000 

Instructions: (pc=0x00000000731e7b22)
0x00000000731e7b12:   7e 0d 00 e8 86 8d 03 00 48 85 c0 48 8b c8 74 06
0x00000000731e7b22:   48 8b 00 ff 50 08 b8 02 00 00 00 48 83 c4 20 5b 


Stack: [0x000000000fe40000,0x000000000fec0000],  sp=0x000000000febe8c0,  free space=506k
Native frames: (J=compiled Java code, j=interpreted, Vv=VM code, C=native code)
C  0x00000000731e7b22

[error occurred during error reporting (printing native stack), id 0xc0000005]

Java frames: (J=compiled Java code, j=interpreted, Vv=VM code)
j  sun.awt.windows.WToolkit.eventLoop()V+0
j  sun.awt.windows.WToolkit.run()V+69
j  java.lang.Thread.run()V+11
v  ~StubRoutines::call_stub

---------------  P R O C E S S  ---------------

Java Threads: ( => current thread )
  0x000000004cf60800 JavaThread "Code Analyzer updating thread" [_thread_blocked, id=11940, stack(0x000000002e660000,0x000000002e6e0000)]
  0x000000000f418800 JavaThread "Code Analyzer updating thread" [_thread_blocked, id=11932, stack(0x0000000031200000,0x0000000031280000)]
  0x000000004cf61000 JavaThread "Code Analyzer updating thread" [_thread_blocked, id=11920, stack(0x00000000310a0000,0x0000000031120000)]
  0x000000004cf5f000 JavaThread "Code Analyzer updating thread" [_thread_blocked, id=11908, stack(0x000000002ef20000,0x000000002efa0000)]
  0x000000004cf55800 JavaThread "Code Analyzer updating thread" [_thread_blocked, id=11904, stack(0x000000002e700000,0x000000002e780000)]
  0x000000004cf56800 JavaThread "Code Analyzer updating thread" [_thread_blocked, id=11900, stack(0x000000002efd0000,0x000000002f050000)]
  0x000000000f419000 JavaThread "Timer queue for AWT thread" daemon [_thread_blocked, id=8720, stack(0x000000001c170000,0x000000001c1f0000)]
  0x000000004cf5d000 JavaThread "Foxtrot Single Worker Thread #1" daemon [_thread_blocked, id=9492, stack(0x000000001cbb0000,0x000000001cc30000)]
  0x000000004cf5b800 JavaThread "Active Reference Queue Daemon" daemon [_thread_blocked, id=8500, stack(0x0000000015aa0000,0x0000000015b20000)]
  0x000000004cf55000 JavaThread "Timer-68" daemon [_thread_blocked, id=7480, stack(0x00000000159c0000,0x0000000015a40000)]
  0x000000004cf5a000 JavaThread "Prefs Updater" daemon [_thread_blocked, id=7896, stack(0x00000000157d0000,0x0000000015850000)]
  0x000000004cf5d800 JavaThread "Swing-Shell" daemon [_thread_blocked, id=7524, stack(0x000000002e8b0000,0x000000002e930000)]
  0x000000004cf5c000 JavaThread "Timer-7" daemon [_thread_blocked, id=7540, stack(0x00000000561e0000,0x0000000056260000)]
  0x000000004cf5a800 JavaThread "Explorer NavigationContext request queue" [_thread_blocked, id=9820, stack(0x0000000051960000,0x00000000519e0000)]
  0x000000004cf59800 JavaThread "AddressBar directory emptiness poller" [_thread_blocked, id=4532, stack(0x00000000518a0000,0x0000000051920000)]
  0x000000004cf58800 JavaThread "Explorer Refresh Service 2082671588" [_thread_blocked, id=7260, stack(0x00000000517d0000,0x0000000051850000)]
  0x000000004cf57000 JavaThread "Timer-1" daemon [_thread_blocked, id=9424, stack(0x0000000050730000,0x00000000507b0000)]
  0x000000004cf54000 JavaThread "TimerQueue" daemon [_thread_blocked, id=5820, stack(0x0000000050310000,0x0000000050390000)]
  0x000000004cf53800 JavaThread "Thread-5" daemon [_thread_blocked, id=4636, stack(0x000000000dd10000,0x000000000dd90000)]
  0x000000004cf53000 JavaThread "FelixPackageAdmin" daemon [_thread_blocked, id=8220, stack(0x000000000de50000,0x000000000ded0000)]
  0x000000004cf3e000 JavaThread "FelixStartLevel" daemon [_thread_blocked, id=9176, stack(0x000000000df20000,0x000000000dfa0000)]
  0x000000004cf3d000 JavaThread "FelixDispatchQueue" daemon [_thread_blocked, id=8060, stack(0x000000000ddc0000,0x000000000de40000)]
  0x000000004ce91800 JavaThread "AWT-EventQueue-0" [_thread_blocked, id=8048, stack(0x000000002d230000,0x000000002d2b0000)]
  0x000000004cdef800 JavaThread "com.google.common.base.internal.Finalizer" daemon [_thread_blocked, id=6060, stack(0x000000004d950000,0x000000004d9d0000)]
=>0x000000004cd91000 JavaThread "AWT-Windows" daemon [_thread_in_native, id=9068, stack(0x000000000fe40000,0x000000000fec0000)]
  0x000000000ef57800 JavaThread "AWT-Shutdown" [_thread_blocked, id=3368, stack(0x000000002d170000,0x000000002d1f0000)]
  0x000000004ccd4800 JavaThread "Java2D Disposer" daemon [_thread_blocked, id=4296, stack(0x000000000ff20000,0x000000000ffa0000)]
  0x000000004ca14800 JavaThread "Timer-0" [_thread_blocked, id=9808, stack(0x000000000f0b0000,0x000000000f130000)]
  0x000000004c99a800 JavaThread "EventMgr Dispatcher" daemon [_thread_in_native, id=9800, stack(0x0000000009280000,0x000000000d280000)]
  0x000000000efab800 JavaThread "Low Memory Detector" daemon [_thread_blocked, id=8944, stack(0x000000000f140000,0x000000000f1c0000)]
  0x000000000efa6800 JavaThread "CompilerThread1" daemon [_thread_blocked, id=7696, stack(0x0000000090220000,0x0000000094220000)]
  0x000000000ef5e000 JavaThread "CompilerThread0" daemon [_thread_blocked, id=9876, stack(0x000000008c120000,0x0000000090120000)]
  0x000000000ef5d000 JavaThread "Attach Listener" daemon [_thread_blocked, id=9512, stack(0x000000000f1c0000,0x000000000f240000)]
  0x000000000ef3f000 JavaThread "Finalizer" daemon [_thread_blocked, id=10016, stack(0x000000000ed60000,0x000000000ede0000)]
  0x000000000ef3a000 JavaThread "Reference Handler" daemon [_thread_blocked, id=8508, stack(0x000000000f030000,0x000000000f0b0000)]
  0x000000000607f800 JavaThread "main" [_thread_in_native, id=7288, stack(0x00000000000b0000,0x00000000040b0000)]

Other Threads:
  0x000000000ef35000 VMThread [stack: 0x0000000088050000,0x000000008c050000] [id=9292]
  0x000000000efcb000 WatcherThread [stack: 0x0000000094290000,0x0000000098290000] [id=5288]

VM state:not at safepoint (normal execution)

VM Mutex/Monitor currently owned by a thread: None

Heap
 PSYoungGen      total 16448K, used 6124K [0x00000000455b0000, 0x00000000468f0000, 0x00000000486b0000)
  eden space 13504K, 30% used [0x00000000455b0000,0x00000000459bb1b0,0x00000000462e0000)
  from space 2944K, 67% used [0x00000000465e0000,0x00000000467d0000,0x00000000468c0000)
  to   space 3072K, 0% used [0x00000000462e0000,0x00000000462e0000,0x00000000465e0000)
 PSOldGen        total 150528K, used 96506K [0x000000003c2b0000, 0x00000000455b0000, 0x00000000455b0000)
  object space 150528K, 64% used [0x000000003c2b0000,0x00000000420ee920,0x00000000455b0000)
 PSPermGen       total 73856K, used 72755K [0x00000000342b0000, 0x0000000038ad0000, 0x000000003c2b0000)
  object space 73856K, 98% used [0x00000000342b0000,0x00000000389bcdf0,0x0000000038ad0000)

Dynamic libraries:
0x000000013f5f0000 - 0x000000013f61d000 	C:\Program Files\MATLAB\R2012b\bin\win64\MATLAB.exe
0x00000000779b0000 - 0x0000000077b59000 	C:\Windows\SYSTEM32\ntdll.dll
0x0000000077790000 - 0x00000000778af000 	C:\Windows\system32\kernel32.dll
0x000007fefd790000 - 0x000007fefd7fc000 	C:\Windows\system32\KERNELBASE.dll
0x0000000074460000 - 0x000000007451f000 	C:\Program Files\MATLAB\R2012b\bin\win64\libut.dll
0x00000000758a0000 - 0x000000007595c000 	C:\Program Files\MATLAB\R2012b\bin\win64\libmwi18n.dll
0x0000000180000000 - 0x000000018000b000 	C:\Program Files\MATLAB\R2012b\bin\win64\libmwresource_core.dll
0x000000006eb00000 - 0x000000006ebd3000 	C:\Windows\WinSxS\amd64_microsoft.vc90.crt_1fc8b3b9a1e18e3b_9.0.30729.6161_none_08e61857a83bc251\MSVCP90.dll
0x000000006ec10000 - 0x000000006ecb3000 	C:\Windows\WinSxS\amd64_microsoft.vc90.crt_1fc8b3b9a1e18e3b_9.0.30729.6161_none_08e61857a83bc251\MSVCR90.dll
0x000000007a170000 - 0x000000007a19c000 	C:\Program Files\MATLAB\R2012b\bin\win64\boost_filesystem-vc90-mt-1_44.dll
0x000000007a560000 - 0x000000007a569000 	C:\Program Files\MATLAB\R2012b\bin\win64\boost_system-vc90-mt-1_44.dll
0x000007feff180000 - 0x000007feff25b000 	C:\Windows\system32\ADVAPI32.dll
0x000007fefef40000 - 0x000007fefefdf000 	C:\Windows\system32\msvcrt.dll
0x000007feff080000 - 0x000007feff09f000 	C:\Windows\SYSTEM32\sechost.dll
0x000007fefee10000 - 0x000007fefef3d000 	C:\Windows\system32\RPCRT4.dll
0x000000007a010000 - 0x000000007a035000 	C:\Program Files\MATLAB\R2012b\bin\win64\LIBEXPAT.dll
0x0000000052e90000 - 0x0000000053081000 	C:\Program Files\MATLAB\R2012b\bin\win64\icuin44.dll
0x0000000052d10000 - 0x0000000052e81000 	C:\Program Files\MATLAB\R2012b\bin\win64\icuuc44.dll
0x0000000010000000 - 0x0000000010e41000 	C:\Program Files\MATLAB\R2012b\bin\win64\icudt44.dll
0x0000000073f70000 - 0x000000007411d000 	C:\Program Files\MATLAB\R2012b\bin\win64\libmwfl.dll
0x0000000004250000 - 0x0000000004606000 	C:\Program Files\MATLAB\R2012b\bin\win64\libmwMATLAB_res.dll
0x000000007a3b0000 - 0x000000007a3c0000 	C:\Program Files\MATLAB\R2012b\bin\win64\boost_date_time-vc90-mt-1_44.dll
0x000000007a250000 - 0x000000007a263000 	C:\Program Files\MATLAB\R2012b\bin\win64\boost_signals-vc90-mt-1_44.dll
0x000000007a2d0000 - 0x000000007a2e2000 	C:\Program Files\MATLAB\R2012b\bin\win64\boost_thread-vc90-mt-1_44.dll
0x0000000004650000 - 0x000000000470d000 	C:\Program Files\MATLAB\R2012b\bin\win64\boost_log-vc90-mt-1_44.dll
0x0000000077b70000 - 0x0000000077b77000 	C:\Windows\system32\PSAPI.DLL
0x000007fefeb90000 - 0x000007fefebdd000 	C:\Windows\system32\WS2_32.dll
0x000007fefdce0000 - 0x000007fefdce8000 	C:\Windows\system32\NSI.dll
0x0000000004720000 - 0x0000000004766000 	C:\Program Files\MATLAB\R2012b\bin\win64\tbb.dll
0x000007feffa20000 - 0x000007feffa39000 	C:\Windows\system32\imagehlp.dll
0x0000000068f50000 - 0x0000000068f63000 	C:\Program Files\MATLAB\R2012b\bin\win64\icuio44.dll
0x000007fef6c20000 - 0x000007fef6d45000 	C:\Windows\system32\dbghelp.dll
0x00000000778b0000 - 0x00000000779aa000 	C:\Windows\system32\USER32.dll
0x000007feff010000 - 0x000007feff077000 	C:\Windows\system32\GDI32.dll
0x000007feff260000 - 0x000007feff26e000 	C:\Windows\system32\LPK.dll
0x000007fefdb30000 - 0x000007fefdbf9000 	C:\Windows\system32\USP10.dll
0x0000000004790000 - 0x0000000004a6c000 	C:\Program Files\MATLAB\R2012b\bin\win64\libmwservices.dll
0x0000000075a20000 - 0x0000000075af3000 	C:\Program Files\MATLAB\R2012b\bin\win64\libmx.dll
0x0000000004a90000 - 0x0000000004ab9000 	C:\Program Files\MATLAB\R2012b\bin\win64\tbbmalloc.dll
0x000000007a210000 - 0x000000007a228000 	C:\Program Files\MATLAB\R2012b\bin\win64\zlib1.dll
0x0000000004ae0000 - 0x0000000004b2d000 	C:\Program Files\MATLAB\R2012b\bin\win64\libmwregexp.dll
0x0000000004b40000 - 0x0000000004b63000 	C:\Program Files\MATLAB\R2012b\bin\win64\libmwmfl_scalar.dll
0x0000000075f10000 - 0x0000000075f60000 	C:\Program Files\MATLAB\R2012b\bin\win64\mpath.dll
0x000000007b680000 - 0x000000007bc9a000 	C:\Program Files\MATLAB\R2012b\bin\win64\mlutil.dll
0x00000000754d0000 - 0x0000000075551000 	C:\Program Files\MATLAB\R2012b\bin\win64\xmlcore.dll
0x0000000004bb0000 - 0x0000000004e03000 	C:\Program Files\MATLAB\R2012b\bin\win64\xerces-c_2_7.dll
0x0000000004e20000 - 0x0000000004e40000 	C:\Program Files\MATLAB\R2012b\bin\win64\libmwMATLAB_settings_res.dll
0x0000000004e50000 - 0x0000000004e60000 	C:\Program Files\MATLAB\R2012b\bin\win64\boost_iostreams-vc90-mt-1_44.dll
0x0000000004e70000 - 0x0000000004eb7000 	C:\Program Files\MATLAB\R2012b\bin\win64\boost_serialization-vc90-mt-1_44.dll
0x000007fefde00000 - 0x000007fefeb89000 	C:\Windows\system32\SHELL32.dll
0x000007feff0a0000 - 0x000007feff111000 	C:\Windows\system32\SHLWAPI.dll
0x000007fefa2d0000 - 0x000007fefa370000 	C:\Windows\WinSxS\amd64_microsoft.windows.common-controls_6595b64144ccf1df_5.82.7601.18201_none_a4d3b9377117c3df\COMCTL32.dll
0x000007feffc20000 - 0x000007feffcb7000 	C:\Windows\system32\COMDLG32.dll
0x000007fefba50000 - 0x000007fefba66000 	C:\Windows\system32\NETAPI32.dll
0x000007fefba40000 - 0x000007fefba4c000 	C:\Windows\system32\netutils.dll
0x000007fefd210000 - 0x000007fefd233000 	C:\Windows\system32\srvcli.dll
0x000007fefba20000 - 0x000007fefba35000 	C:\Windows\system32\wkscli.dll
0x000007feff270000 - 0x000007feff473000 	C:\Windows\system32\ole32.dll
0x000007fefdc00000 - 0x000007fefdcd7000 	C:\Windows\system32\OLEAUT32.dll
0x0000000074970000 - 0x0000000074a31000 	C:\Program Files\MATLAB\R2012b\bin\win64\mcr.dll
0x0000000075000000 - 0x00000000753e9000 	C:\Program Files\MATLAB\R2012b\bin\win64\iqm.dll
0x0000000074e80000 - 0x0000000074f38000 	C:\Program Files\MATLAB\R2012b\bin\win64\m_dispatcher.dll
0x0000000074880000 - 0x000000007496d000 	C:\Program Files\MATLAB\R2012b\bin\win64\boost_regex-vc90-mt-1_44.dll
0x000007feead70000 - 0x000007feeb5e1000 	C:\Program Files\MATLAB\R2012b\bin\win64\m_interpreter.dll
0x0000000068f20000 - 0x0000000068f47000 	C:\Program Files\MATLAB\R2012b\bin\win64\libmex.dll
0x000000005ca60000 - 0x000000005cae4000 	C:\Program Files\MATLAB\R2012b\bin\win64\profiler.dll
0x0000000004f40000 - 0x00000000051aa000 	C:\Program Files\MATLAB\R2012b\bin\win64\libmwmathutil.dll
0x0000000079f40000 - 0x0000000079f6e000 	C:\Program Files\MATLAB\R2012b\bin\win64\libmwmathrng.dll
0x00000000051d0000 - 0x00000000051e2000 	C:\Program Files\MATLAB\R2012b\bin\win64\libmwmfl_rng.dll
0x0000000074c10000 - 0x0000000074cee000 	C:\Program Files\MATLAB\R2012b\bin\win64\libmwmathcore.dll
0x0000000076160000 - 0x00000000761ca000 	C:\Program Files\MATLAB\R2012b\bin\win64\libmwspmatrix.dll
0x0000000075ea0000 - 0x0000000075f02000 	C:\Program Files\MATLAB\R2012b\bin\win64\libmwcholmod.dll
0x000000007a460000 - 0x000000007a46d000 	C:\Program Files\MATLAB\R2012b\bin\win64\libmwamd.dll
0x000000007a4b0000 - 0x000000007a4bc000 	C:\Program Files\MATLAB\R2012b\bin\win64\libmwcolamd.dll
0x000000007a290000 - 0x000000007a2a9000 	C:\Program Files\MATLAB\R2012b\bin\win64\libmwblas.dll
0x000000007a310000 - 0x000000007a321000 	C:\Program Files\MATLAB\R2012b\bin\win64\libmwbinder.dll
0x000000007a4d0000 - 0x000000007a4dc000 	C:\Program Files\MATLAB\R2012b\bin\win64\libmwompwrapper.dll
0x0000000005280000 - 0x0000000005305000 	C:\Program Files\MATLAB\R2012b\bin\win64\libmwlapack.dll
0x0000000052ce0000 - 0x0000000052d01000 	C:\Program Files\MATLAB\R2012b\bin\win64\m_pcodeio.dll
0x0000000079b10000 - 0x0000000079b77000 	C:\Program Files\MATLAB\R2012b\bin\win64\m_ir.dll
0x0000000052670000 - 0x0000000052ce0000 	C:\Program Files\MATLAB\R2012b\bin\win64\m_parser.dll
0x000000005ca40000 - 0x000000005ca5a000 	C:\Program Files\MATLAB\R2012b\bin\win64\ir_xfmr.dll
0x000007feebc00000 - 0x000007feebe96000 	C:\Program Files\MATLAB\R2012b\bin\win64\mcos.dll
0x0000000056410000 - 0x0000000056421000 	C:\Program Files\MATLAB\R2012b\bin\win64\mtok.dll
0x0000000052630000 - 0x0000000052661000 	C:\Program Files\MATLAB\R2012b\bin\win64\m_pcodegen.dll
0x0000000079fb0000 - 0x0000000079fe6000 	C:\Program Files\MATLAB\R2012b\bin\win64\libmwbridge.dll
0x0000000052560000 - 0x0000000052628000 	C:\Program Files\MATLAB\R2012b\bin\win64\udd.dll
0x0000000052400000 - 0x0000000052552000 	C:\Program Files\MATLAB\R2012b\bin\win64\libmwgui.dll
0x00000000523e0000 - 0x00000000523f7000 	C:\Program Files\MATLAB\R2012b\bin\win64\graphics_util.dll
0x0000000050a90000 - 0x00000000514ef000 	C:\Program Files\MATLAB\R2012b\bin\win64\hg.dll
0x00000000053e0000 - 0x0000000005448000 	C:\Program Files\MATLAB\R2012b\bin\win64\libmat.dll
0x0000000072d30000 - 0x0000000072f44000 	C:\Program Files\MATLAB\R2012b\bin\win64\hdf5dll.dll
0x0000000075710000 - 0x00000000757de000 	C:\Program Files\MATLAB\R2012b\bin\win64\jmi.dll
0x0000000005480000 - 0x000000000548d000 	C:\Program Files\MATLAB\R2012b\bin\win64\nativejava_services.dll
0x0000000052390000 - 0x00000000523d6000 	C:\Program Files\MATLAB\R2012b\bin\win64\libmwhardcopy.dll
0x0000000052320000 - 0x0000000052383000 	C:\Program Files\MATLAB\R2012b\bin\win64\libuij.dll
0x0000000050820000 - 0x0000000050a84000 	C:\Program Files\MATLAB\R2012b\bin\win64\hgdatatypes.dll
0x0000000052200000 - 0x000000005231f000 	C:\Program Files\MATLAB\R2012b\bin\win64\hgutils.dll
0x0000000052140000 - 0x0000000052200000 	C:\Program Files\MATLAB\R2012b\bin\win64\udd_mi.dll
0x00000000054f0000 - 0x000000000552b000 	C:\Program Files\MATLAB\R2012b\bin\win64\libmwgbtutils.dll
0x0000000005540000 - 0x000000000555b000 	C:\Program Files\MATLAB\R2012b\bin\win64\libmwgbt.dll
0x0000000005570000 - 0x0000000005841000 	C:\Program Files\MATLAB\R2012b\bin\win64\uiw.dll
0x0000000069e80000 - 0x0000000069e8f000 	C:\Program Files\MATLAB\R2012b\bin\win64\uinone.dll
0x0000000005870000 - 0x0000000005899000 	C:\Program Files\MATLAB\R2012b\bin\win64\libmwnativefiledialogs.dll
0x00000000058b0000 - 0x00000000058b8000 	C:\Program Files\MATLAB\R2012b\bin\win64\libmwplatform_res.dll
0x000007fef67f0000 - 0x000007fef6808000 	C:\Windows\system32\MPR.dll
0x00000000058d0000 - 0x0000000005db4000 	C:\Windows\WinSxS\amd64_microsoft.vc90.mfc_1fc8b3b9a1e18e3b_9.0.30729.6161_none_044aad0bab1eb146\mfc90.dll
0x000007fefade0000 - 0x000007fefade7000 	C:\Windows\system32\MSIMG32.dll
0x000007fefa200000 - 0x000007fefa271000 	C:\Windows\system32\WINSPOOL.DRV
0x0000000051b20000 - 0x0000000051b42000 	C:\Program Files\MATLAB\R2012b\bin\win64\mwoles05.DLL
0x0000000051aa0000 - 0x0000000051b1d000 	C:\Program Files\MATLAB\R2012b\bin\win64\comcli.dll
0x000000006f400000 - 0x000000006f42f000 	C:\Windows\WinSxS\amd64_microsoft.vc90.atl_1fc8b3b9a1e18e3b_9.0.30729.6161_none_0a1fd3a3a768b895\ATL90.DLL
0x0000000068f10000 - 0x0000000068f1c000 	C:\Program Files\MATLAB\R2012b\bin\win64\mlautoregister.dll
0x000007fefefe0000 - 0x000007feff00e000 	C:\Windows\system32\IMM32.DLL
0x000007fefdcf0000 - 0x000007fefddf9000 	C:\Windows\system32\MSCTF.dll
0x000007fefc170000 - 0x000007fefc1c6000 	C:\Windows\system32\UxTheme.dll
0x000007fefbd40000 - 0x000007fefbd58000 	C:\Windows\system32\dwmapi.dll
0x00000000583b0000 - 0x00000000583bd000 	C:\Windows\WinSxS\amd64_microsoft.vc90.mfcloc_1fc8b3b9a1e18e3b_9.0.30729.6161_none_01c9581e60cbee58\MFC90ENU.DLL
0x000007fef71b0000 - 0x000007fef7203000 	C:\Program Files (x86)\Common Files\Intel\Shared Libraries\redist\intel64\compiler\cilkrts20.dll
0x000007fefd770000 - 0x000007fefd77f000 	C:\Windows\system32\profapi.dll
0x00000000060a0000 - 0x00000000060af000 	C:\Program Files\MATLAB\R2012b\bin\win64\xmlxrcsc.dll
0x000007fefd610000 - 0x000007fefd61f000 	C:\Windows\system32\CRYPTBASE.dll
0x000007fefc350000 - 0x000007fefc544000 	C:\Windows\WinSxS\amd64_microsoft.windows.common-controls_6595b64144ccf1df_6.0.7601.17514_none_fa396087175ac9ac\comctl32.dll
0x000007feffa40000 - 0x000007feffc17000 	C:\Windows\system32\SETUPAPI.dll
0x000007fefdae0000 - 0x000007fefdb16000 	C:\Windows\system32\CFGMGR32.dll
0x000007fefd9c0000 - 0x000007fefd9da000 	C:\Windows\system32\DEVOBJ.dll
0x000007fefebe0000 - 0x000007fefec79000 	C:\Windows\system32\CLBCatQ.DLL
0x000007fefc1d0000 - 0x000007fefc2fc000 	C:\Windows\system32\propsys.dll

VM Arguments:
jvm_args: -Xss512k -XX:PermSize=32m -Xms64m -XX:NewRatio=3 -XX:MaxPermSize=128m -Xmx196m -XX:MaxDirectMemorySize=2147400000 -Dsun.java2d.noddraw=true -Dsun.awt.nopixfmt=true -Xshare:off -Xrs -Dsun.awt.disableMixing=true -Djava.library.path=C:\Program Files\MATLAB\R2012b\bin\win64;C:\Program Files\MATLAB\R2012b\sys\jxbrowser\win64\lib vfprintf abort -Duser.language=en -Duser.country=US 
java_command: <unknown>
Launcher Type: generic

Environment Variables:
PATH=C:\ProgramData\Oracle\Java\javapath;C:\Program Files (x86)\Common Files\Intel\Shared Libraries\redist\intel64\compiler;C:\Windows\system32;C:\Windows;C:\Windows\System32\Wbem;C:\Windows\System32\WindowsPowerShell\v1.0\;c:\Program Files (x86)\Microsoft SQL Server\100\Tools\Binn\;c:\Program Files\Microsoft SQL Server\100\Tools\Binn\;c:\Program Files\Microsoft SQL Server\100\DTS\Binn\;C:\Program Files\MATLAB\R2012b\runtime\win64;C:\Program Files\MATLAB\R2012b\bin;D:\CTEX\UserData\miktex\bin;D:\CTEX\MiKTeX\miktex\bin;D:\CTEX\CTeX\ctex\bin;D:\CTEX\CTeX\cct\bin;D:\CTEX\CTeX\ty\bin;D:\CTEX\Ghostscript\gs9.05\bin;D:\CTEX\GSview\gsview;D:\CTEX\WinEdt
USERNAME=DING JIE
OS=Windows_NT
PROCESSOR_IDENTIFIER=Intel64 Family 6 Model 58 Stepping 9, GenuineIntel



---------------  S Y S T E M  ---------------

OS: Windows 7 Build 7601 Service Pack 1

CPU:total 8 (8 cores per cpu, 2 threads per core) family 6 model 58 stepping 9, cmov, cx8, fxsr, mmx, sse, sse2, sse3, ssse3, sse4.1, sse4.2, ht

Memory: 4k page, physical 8335748k(4233744k free), swap 16669640k(10676580k free)

vm_info: Java HotSpot(TM) 64-Bit Server VM (14.3-b01) for windows-amd64 JRE (1.6.0_17-b04), built on Oct 11 2009 00:46:08 by "java_re" with MS VC++ 8.0

time: Fri Jul 17 15:54:09 2015
elapsed time: 172614 seconds

